[    0.000000] Linux version 4.15.0-212-generic (buildd@lcy02-amd64-083) (gcc version 7.5.0 (Ubuntu 7.5.0-3ubuntu1~18.04)) #223-Ubuntu SMP Tue May 23 13:09:22 UTC 2023 (Ubuntu 4.15.0-212.223-generic 4.15.18)
[    0.000000] Command line: BOOT_IMAGE=/boot/vmlinuz-4.15.0-212-generic root=LABEL=cloudimg-rootfs ro console=tty1 console=ttyS0
[    0.000000] KERNEL supported cpus:
[    0.000000]   Intel GenuineIntel
[    0.000000]   AMD AuthenticAMD
[    0.000000]   Centaur CentaurHauls
[    0.000000] x86/fpu: x87 FPU will use FXSAVE
[    0.000000] e820: BIOS-provided physical RAM map:
[    0.000000] BIOS-e820: [mem 0x0000000000000000-0x000000000009fbff] usable
[    0.000000] BIOS-e820: [mem 0x000000000009fc00-0x000000000009ffff] reserved
[    0.000000] BIOS-e820: [mem 0x00000000000f0000-0x00000000000fffff] reserved
[    0.000000] BIOS-e820: [mem 0x0000000000100000-0x000000007ffeffff] usable
[    0.000000] BIOS-e820: [mem 0x000000007fff0000-0x000000007fffffff] ACPI data
[    0.000000] BIOS-e820: [mem 0x00000000fec00000-0x00000000fec00fff] reserved
[    0.000000] BIOS-e820: [mem 0x00000000fee00000-0x00000000fee00fff] reserved
[    0.000000] BIOS-e820: [mem 0x00000000fffc0000-0x00000000ffffffff] reserved
[    0.000000] NX (Execute Disable) protection: active
[    0.000000] SMBIOS 2.5 present.
[    0.000000] DMI: innotek GmbH VirtualBox/VirtualBox, BIOS VirtualBox 12/01/2006
[    0.000000] Hypervisor detected: KVM
[    0.000000] e820: last_pfn = 0x7fff0 max_arch_pfn = 0x400000000
[    0.000000] x86/PAT: Configuration [0-7]: WB  WC  UC- UC  WB  WP  UC- WT  
[    0.000000] CPU MTRRs all blank - virtualized system.
[    0.000000] found SMP MP-table at [mem 0x0009fbf0-0x0009fbff]
[    0.000000] Scanning 1 areas for low memory corruption
[    0.000000] RAMDISK: [mem 0x359cb000-0x36cdcfff]
[    0.000000] ACPI: Early table checksum verification disabled
[    0.000000] ACPI: RSDP 0x00000000000E0000 000024 (v02 VBOX  )
[    0.000000] ACPI: XSDT 0x000000007FFF0030 00003C (v01 VBOX   VBOXXSDT 00000001 ASL  00000061)
[    0.000000] ACPI: FACP 0x000000007FFF00F0 0000F4 (v04 VBOX   VBOXFACP 00000001 ASL  00000061)
[    0.000000] ACPI: DSDT 0x000000007FFF0610 002353 (v02 VBOX   VBOXBIOS 00000002 INTL 20100528)
[    0.000000] ACPI: FACS 0x000000007FFF0200 000040
[    0.000000] ACPI: FACS 0x000000007FFF0200 000040
[    0.000000] ACPI: APIC 0x000000007FFF0240 00005C (v02 VBOX   VBOXAPIC 00000001 ASL  00000061)
[    0.000000] ACPI: SSDT 0x000000007FFF02A0 00036C (v01 VBOX   VBOXCPUT 00000002 INTL 20100528)
[    0.000000] ACPI: Reserving FACP table memory at [mem 0x7fff00f0-0x7fff01e3]
[    0.000000] ACPI: Reserving DSDT table memory at [mem 0x7fff0610-0x7fff2962]
[    0.000000] ACPI: Reserving FACS table memory at [mem 0x7fff0200-0x7fff023f]
[    0.000000] ACPI: Reserving FACS table memory at [mem 0x7fff0200-0x7fff023f]
[    0.000000] ACPI: Reserving APIC table memory at [mem 0x7fff0240-0x7fff029b]
[    0.000000] ACPI: Reserving SSDT table memory at [mem 0x7fff02a0-0x7fff060b]
[    0.000000] No NUMA configuration found
[    0.000000] Faking a node at [mem 0x0000000000000000-0x000000007ffeffff]
[    0.000000] NODE_DATA(0) allocated [mem 0x7ffc5000-0x7ffeffff]
[    0.000000] kvm-clock: cpu 0, msr 0:7ff44001, primary cpu clock
[    0.000000] kvm-clock: Using msrs 4b564d01 and 4b564d00
[    0.000000] kvm-clock: using sched offset of 4730497555 cycles
[    0.000000] clocksource: kvm-clock: mask: 0xffffffffffffffff max_cycles: 0x1cd42e4dffb, max_idle_ns: 881590591483 ns
[    0.000000] Zone ranges:
[    0.000000]   DMA      [mem 0x0000000000001000-0x0000000000ffffff]
[    0.000000]   DMA32    [mem 0x0000000001000000-0x000000007ffeffff]
[    0.000000]   Normal   empty
[    0.000000]   Device   empty
[    0.000000] Movable zone start for each node
[    0.000000] Early memory node ranges
[    0.000000]   node   0: [mem 0x0000000000001000-0x000000000009efff]
[    0.000000]   node   0: [mem 0x0000000000100000-0x000000007ffeffff]
[    0.000000] Reserved but unavailable: 104 pages
[    0.000000] Initmem setup node 0 [mem 0x0000000000001000-0x000000007ffeffff]
[    0.000000] ACPI: PM-Timer IO Port: 0x4008
[    0.000000] IOAPIC[0]: apic_id 2, version 32, address 0xfec00000, GSI 0-23
[    0.000000] ACPI: INT_SRC_OVR (bus 0 bus_irq 0 global_irq 2 dfl dfl)
[    0.000000] ACPI: INT_SRC_OVR (bus 0 bus_irq 9 global_irq 9 low level)
[    0.000000] Using ACPI (MADT) for SMP configuration information
[    0.000000] smpboot: Allowing 2 CPUs, 0 hotplug CPUs
[    0.000000] PM: Registered nosave memory: [mem 0x00000000-0x00000fff]
[    0.000000] PM: Registered nosave memory: [mem 0x0009f000-0x0009ffff]
[    0.000000] PM: Registered nosave memory: [mem 0x000a0000-0x000effff]
[    0.000000] PM: Registered nosave memory: [mem 0x000f0000-0x000fffff]
[    0.000000] e820: [mem 0x80000000-0xfebfffff] available for PCI devices
[    0.000000] Booting paravirtualized kernel on KVM
[    0.000000] clocksource: refined-jiffies: mask: 0xffffffff max_cycles: 0xffffffff, max_idle_ns: 7645519600211568 ns
[    0.000000] setup_percpu: NR_CPUS:8192 nr_cpumask_bits:2 nr_cpu_ids:2 nr_node_ids:1
[    0.000000] percpu: Embedded 50 pages/cpu s167936 r8192 d28672 u1048576
[    0.000000] PV qspinlock hash table entries: 256 (order: 0, 4096 bytes)
[    0.000000] Built 1 zonelists, mobility grouping on.  Total pages: 515961
[    0.000000] Policy zone: DMA32
[    0.000000] Kernel command line: BOOT_IMAGE=/boot/vmlinuz-4.15.0-212-generic root=LABEL=cloudimg-rootfs ro console=tty1 console=ttyS0
[    0.000000] Memory: 2014836K/2096696K available (12300K kernel code, 2477K rwdata, 4324K rodata, 2480K init, 2720K bss, 81860K reserved, 0K cma-reserved)
[    0.000000] SLUB: HWalign=64, Order=0-3, MinObjects=0, CPUs=2, Nodes=1
[    0.000000] Kernel/User page tables isolation: enabled
[    0.000000] ftrace: allocating 39508 entries in 155 pages
[    0.004000] Hierarchical RCU implementation.
[    0.004000] 	RCU restricting CPUs from NR_CPUS=8192 to nr_cpu_ids=2.
[    0.004000] 	Tasks RCU enabled.
[    0.004000] RCU: Adjusting geometry for rcu_fanout_leaf=16, nr_cpu_ids=2
[    0.004000] NR_IRQS: 524544, nr_irqs: 440, preallocated irqs: 16
[    0.004000] random: crng init done
[    0.004000] Console: colour VGA+ 80x25
[    0.004000] console [tty1] enabled
[    0.004000] console [ttyS0] enabled
[    0.004000] ACPI: Core revision 20170831
[    0.004000] ACPI: 2 ACPI AML tables successfully acquired and loaded
[    0.004000] APIC: Switch to symmetric I/O mode setup
[    0.004000] ..TIMER: vector=0x30 apic1=0 pin1=2 apic2=-1 pin2=-1
[    0.004009] tsc: Detected 1799.999 MHz processor
[    0.008017] Calibrating delay loop (skipped) preset value.. 3599.99 BogoMIPS (lpj=7199996)
[    0.012009] pid_max: default: 32768 minimum: 301
[    0.016158] Security Framework initialized
[    0.020008] Yama: becoming mindful.
[    0.024137] AppArmor: AppArmor initialized
[    0.041985] Dentry cache hash table entries: 262144 (order: 9, 2097152 bytes)
[    0.052143] Inode-cache hash table entries: 131072 (order: 8, 1048576 bytes)
[    0.060217] Mount-cache hash table entries: 4096 (order: 3, 32768 bytes)
[    0.064192] Mountpoint-cache hash table entries: 4096 (order: 3, 32768 bytes)
[    0.072675] Last level iTLB entries: 4KB 64, 2MB 8, 4MB 8
[    0.076004] Last level dTLB entries: 4KB 64, 2MB 0, 4MB 0, 1GB 4
[    0.080009] Spectre V1 : Mitigation: usercopy/swapgs barriers and __user pointer sanitization
[    0.084008] Spectre V2 : Mitigation: Retpolines
[    0.088004] Spectre V2 : Spectre v2 / SpectreRSB mitigation: Filling RSB on context switch
[    0.092006] Spectre V2 : Spectre v2 / SpectreRSB : Filling RSB on VMEXIT
[    0.096007] RETBleed: WARNING: Spectre v2 mitigation leaves CPU vulnerable to RETBleed attacks, data leaks possible!
[    0.100025] RETBleed: Vulnerable
[    0.104007] Speculative Store Bypass: Vulnerable
[    0.108141] MDS: Mitigation: Clear CPU buffers
[    0.112023] MMIO Stale Data: Mitigation: Clear CPU buffers
[    0.116006] SRBDS: Unknown: Dependent on hypervisor status
[    0.120243] Freeing SMP alternatives memory: 36K
[    0.242115] smpboot: CPU0: Intel(R) Core(TM) i5-8250U CPU @ 1.60GHz (family: 0x6, model: 0x8e, stepping: 0xa)
[    0.248168] Performance Events: unsupported p6 CPU model 142 no PMU driver, software events only.
[    0.252160] Hierarchical SRCU implementation.
[    0.260069] NMI watchdog: Perf event create on CPU 0 failed with -2
[    0.264004] NMI watchdog: Perf NMI watchdog permanently disabled
[    0.268644] smp: Bringing up secondary CPUs ...
[    0.273479] x86: Booting SMP configuration:
[    0.276006] .... node  #0, CPUs:      #1
[    0.004000] kvm-clock: cpu 1, msr 0:7ff44041, secondary cpu clock
[    0.295306] TSC synchronization [CPU#0 -> CPU#1]:
[    0.296000] Measured 81686 cycles TSC warp between CPUs, turning off TSC clock.
[    0.296000] tsc: Marking TSC unstable due to check_tsc_sync_source failed
[    0.304444] smp: Brought up 1 node, 2 CPUs
[    0.308007] smpboot: Max logical packages: 1
[    0.312009] smpboot: Total of 2 processors activated (7199.99 BogoMIPS)
[    0.317124] devtmpfs: initialized
[    0.320167] x86/mm: Memory block size: 128MB
[    0.324764] evm: security.selinux
[    0.328041] evm: security.SMACK64
[    0.332005] evm: security.SMACK64EXEC
[    0.336003] evm: security.SMACK64TRANSMUTE
[    0.340011] evm: security.SMACK64MMAP
[    0.344006] evm: security.apparmor
[    0.348003] evm: security.ima
[    0.352012] evm: security.capability
[    0.356678] clocksource: jiffies: mask: 0xffffffff max_cycles: 0xffffffff, max_idle_ns: 7645041785100000 ns
[    0.360032] futex hash table entries: 512 (order: 3, 32768 bytes)
[    0.368026] pinctrl core: initialized pinctrl subsystem
[    0.372915] RTC time: 12:37:27, date: 12/08/24
[    0.381633] NET: Registered protocol family 16
[    0.384270] audit: initializing netlink subsys (disabled)
[    0.388390] audit: type=2000 audit(1733661452.124:1): state=initialized audit_enabled=0 res=1
[    0.408237] cpuidle: using governor ladder
[    0.412021] cpuidle: using governor menu
[    0.416070] ACPI: bus type PCI registered
[    0.420009] acpiphp: ACPI Hot Plug PCI Controller Driver version: 0.5
[    0.424800] PCI: Using configuration type 1 for base access
[    0.436520] HugeTLB registered 2.00 MiB page size, pre-allocated 0 pages
[    0.444419] ACPI: Added _OSI(Module Device)
[    0.448196] ACPI: Added _OSI(Processor Device)
[    0.452014] ACPI: Added _OSI(3.0 _SCP Extensions)
[    0.456004] ACPI: Added _OSI(Processor Aggregator Device)
[    0.460009] ACPI: Added _OSI(Linux-Dell-Video)
[    0.464005] ACPI: Added _OSI(Linux-Lenovo-NV-HDMI-Audio)
[    0.468010] ACPI: Added _OSI(Linux-HPI-Hybrid-Graphics)
[    0.476930] ACPI: Executed 1 blocks of module-level executable AML code
[    0.491512] ACPI: Interpreter enabled
[    0.492028] ACPI: (supports S0 S5)
[    0.496005] ACPI: Using IOAPIC for interrupt routing
[    0.500927] PCI: Using host bridge windows from ACPI; if necessary, use "pci=nocrs" and report a bug
[    0.504433] ACPI: Enabled 2 GPEs in block 00 to 07
[    0.527545] ACPI: PCI Root Bridge [PCI0] (domain 0000 [bus 00-ff])
[    0.528048] acpi PNP0A03:00: _OSC: OS supports [ASPM ClockPM Segments MSI]
[    0.537307] acpi PNP0A03:00: _OSC: not requesting OS control; OS requires [ExtendedConfig ASPM ClockPM MSI]
[    0.540215] acpi PNP0A03:00: fail to add MMCONFIG information, can't access extended PCI configuration space under this bridge.
[    0.545254] PCI host bridge to bus 0000:00
[    0.548012] pci_bus 0000:00: root bus resource [io  0x0000-0x0cf7 window]
[    0.552021] pci_bus 0000:00: root bus resource [io  0x0d00-0xffff window]
[    0.556013] pci_bus 0000:00: root bus resource [mem 0x000a0000-0x000bffff window]
[    0.560010] pci_bus 0000:00: root bus resource [mem 0x80000000-0xfdffffff window]
[    0.564012] pci_bus 0000:00: root bus resource [bus 00-ff]
[    0.586107] pci 0000:00:01.1: legacy IDE quirk: reg 0x10: [io  0x01f0-0x01f7]
[    0.588009] pci 0000:00:01.1: legacy IDE quirk: reg 0x14: [io  0x03f6]
[    0.592006] pci 0000:00:01.1: legacy IDE quirk: reg 0x18: [io  0x0170-0x0177]
[    0.596009] pci 0000:00:01.1: legacy IDE quirk: reg 0x1c: [io  0x0376]
[    0.638030] pci 0000:00:07.0: quirk: [io  0x4000-0x403f] claimed by PIIX4 ACPI
[    0.644117] pci 0000:00:07.0: quirk: [io  0x4100-0x410f] claimed by PIIX4 SMB
[    0.665994] ACPI: PCI Interrupt Link [LNKA] (IRQs 5 9 10 *11)
[    0.668987] ACPI: PCI Interrupt Link [LNKB] (IRQs 5 9 *10 11)
[    0.676366] ACPI: PCI Interrupt Link [LNKC] (IRQs 5 *9 10 11)
[    0.680378] ACPI: PCI Interrupt Link [LNKD] (IRQs 5 9 10 *11)
[    0.685157] SCSI subsystem initialized
[    0.688294] pci 0000:00:02.0: vgaarb: setting as boot VGA device
[    0.692000] pci 0000:00:02.0: vgaarb: VGA device added: decodes=io+mem,owns=io+mem,locks=none
[    0.692014] pci 0000:00:02.0: vgaarb: bridge control possible
[    0.696005] vgaarb: loaded
[    0.700207] ACPI: bus type USB registered
[    0.704057] usbcore: registered new interface driver usbfs
[    0.708056] usbcore: registered new interface driver hub
[    0.712029] usbcore: registered new device driver usb
[    0.716343] EDAC MC: Ver: 3.0.0
[    0.725300] PCI: Using ACPI for IRQ routing
[    0.732234] NetLabel: Initializing
[    0.736006] NetLabel:  domain hash size = 128
[    0.740003] NetLabel:  protocols = UNLABELED CIPSOv4 CALIPSO
[    0.744225] NetLabel:  unlabeled traffic allowed by default
[    0.752480] clocksource: Switched to clocksource kvm-clock
[    0.781874] VFS: Disk quotas dquot_6.6.0
[    0.781874] VFS: Dquot-cache hash table entries: 512 (order 0, 4096 bytes)
[    0.843215] AppArmor: AppArmor Filesystem Enabled
[    0.846543] pnp: PnP ACPI init
[    0.846543] pnp: PnP ACPI: found 3 devices
[    0.937987] clocksource: acpi_pm: mask: 0xffffff max_cycles: 0xffffff, max_idle_ns: 2085701024 ns
[    0.940915] NET: Registered protocol family 2
[    0.940915] IP idents hash table entries: 32768 (order: 6, 262144 bytes)
[    0.971855] TCP established hash table entries: 16384 (order: 5, 131072 bytes)
[    0.974420] TCP bind hash table entries: 16384 (order: 6, 262144 bytes)
[    0.974420] TCP: Hash tables configured (established 16384 bind 16384)
[    0.974420] UDP hash table entries: 1024 (order: 3, 32768 bytes)
[    0.974420] UDP-Lite hash table entries: 1024 (order: 3, 32768 bytes)
[    0.974420] NET: Registered protocol family 1
[    0.974420] pci 0000:00:00.0: Limiting direct PCI/PCI transfers
[    0.974420] pci 0000:00:01.0: Activating ISA DMA hang workarounds
[    0.974420] pci 0000:00:02.0: Video device with shadowed ROM at [mem 0x000c0000-0x000dffff]
[    0.974420] Unpacking initramfs...
[    1.812032] Freeing initrd memory: 19528K
[    1.818807] clocksource: tsc: mask: 0xffffffffffffffff max_cycles: 0x19f228ab7a2, max_idle_ns: 440795289252 ns
[    1.834469] platform rtc_cmos: registered platform RTC device (no PNP device found)
[    1.846716] Scanning for low memory corruption every 60 seconds
[    1.859359] Initialise system trusted keyrings
[    1.866321] Key type blacklist registered
[    1.874075] workingset: timestamp_bits=36 max_order=19 bucket_order=0
[    1.887721] zbud: loaded
[    1.893212] squashfs: version 4.0 (2009/01/31) Phillip Lougher
[    1.904866] fuse init (API version 7.26)
[    1.975224] Key type asymmetric registered
[    1.981458] Asymmetric key parser 'x509' registered
[    1.990216] Block layer SCSI generic (bsg) driver version 0.4 loaded (major 246)
[    2.000746] io scheduler noop registered
[    2.008252] io scheduler deadline registered
[    2.014742] io scheduler cfq registered (default)
[    2.024302] ACPI: AC Adapter [AC] (on-line)
[    2.031036] input: Power Button as /devices/LNXSYSTM:00/LNXPWRBN:00/input/input0
[    2.043358] ACPI: Power Button [PWRF]
[    2.049891] input: Sleep Button as /devices/LNXSYSTM:00/LNXSLPBN:00/input/input1
[    2.061683] ACPI: Sleep Button [SLPF]
[    2.073236] ACPI: Battery Slot [BAT0] (battery present)
[    2.081919] Serial: 8250/16550 driver, 32 ports, IRQ sharing enabled
[    2.123731] 00:02: ttyS0 at I/O 0x3f8 (irq = 4, base_baud = 115200) is a 16550A
[    2.162028] Linux agpgart interface v0.103
[    2.183047] loop: module loaded
[    2.192311] scsi host0: ata_piix
[    2.199040] scsi host1: ata_piix
[    2.202927] ata1: PATA max UDMA/33 cmd 0x1f0 ctl 0x3f6 bmdma 0xd000 irq 14
[    2.202927] ata2: PATA max UDMA/33 cmd 0x170 ctl 0x376 bmdma 0xd008 irq 15
[    2.224290] tun: Universal TUN/TAP device driver, 1.6
[    2.232420] PPP generic driver version 2.4.2
[    2.240960] ehci_hcd: USB 2.0 'Enhanced' Host Controller (EHCI) Driver
[    2.250733] ehci-pci: EHCI PCI platform driver
[    2.258959] ehci-platform: EHCI generic platform driver
[    2.266274] ohci_hcd: USB 1.1 'Open' Host Controller (OHCI) Driver
[    2.276304] ohci-pci: OHCI PCI platform driver
[    2.283020] ohci-platform: OHCI generic platform driver
[    2.292979] uhci_hcd: USB Universal Host Controller Interface driver
[    2.302193] i8042: PNP: PS/2 Controller [PNP0303:PS2K,PNP0f03:PS2M] at 0x60,0x64 irq 1,12
[    2.319494] serio: i8042 KBD port at 0x60,0x64 irq 1
[    2.327288] serio: i8042 AUX port at 0x60,0x64 irq 12
[    2.337950] mousedev: PS/2 mouse device common for all mice
[    2.352608] rtc_cmos rtc_cmos: rtc core: registered rtc_cmos as rtc0
[    2.363679] rtc_cmos rtc_cmos: alarms up to one day, 114 bytes nvram
[    2.374623] input: AT Translated Set 2 keyboard as /devices/platform/i8042/serio0/input/input2
[    2.374931] i2c /dev entries driver
[    2.396369] device-mapper: uevent: version 1.0.3
[    2.403861] device-mapper: ioctl: 4.37.0-ioctl (2017-09-20) initialised: dm-devel@redhat.com
[    2.434520] ledtrig-cpu: registered to indicate activity on CPUs
[    2.485485] NET: Registered protocol family 10
[    2.506711] Segment Routing with IPv6
[    2.512566] NET: Registered protocol family 17
[    2.521018] Key type dns_resolver registered
[    2.527831] mce: Using 0 MCE banks
[    2.533092] RAS: Correctable Errors collector initialized.
[    2.542102] sched_clock: Marking stable (2541916441, 0)->(4149284647, -1607368206)
[    2.556664] registered taskstats version 1
[    2.562724] Loading compiled-in X.509 certificates
[    2.581101] Loaded X.509 cert 'Build time autogenerated kernel key: b5b26778eaa3ab3a4a6cee031137706e947d12ad'
[    2.598525] Loaded X.509 cert 'Canonical Ltd. Live Patch Signing: 14df34d1a87cf37625abec039ef2bf521249b969'
[    2.617130] Loaded X.509 cert 'Canonical Ltd. Kernel Module Signing: 88f752e560a1e0737e31163a466ad7b70a850c19'
[    2.632493] blacklist: Loading compiled-in revocation X.509 certificates
[    2.643939] Loaded X.509 cert 'Canonical Ltd. Secure Boot Signing: 61482aa2830d0ab2ad5af10b7250da9033ddcef0'
[    2.658696] Loaded X.509 cert 'Canonical Ltd. Secure Boot Signing (2017): 242ade75ac4a15e50d50c84b0d45ff3eae707a03'
[    2.674981] Loaded X.509 cert 'Canonical Ltd. Secure Boot Signing (ESM 2018): 365188c1d374d6b07c3c8f240f8ef722433d6a8b'
[    2.691222] Loaded X.509 cert 'Canonical Ltd. Secure Boot Signing (2019): c0746fd6c5da3ae827864651ad66ae47fe24b3e8'
[    2.707448] Loaded X.509 cert 'Canonical Ltd. Secure Boot Signing (2021 v1): a8d54bbb3825cfb94fa13c9f8a594a195c107b8d'
[    2.723836] Loaded X.509 cert 'Canonical Ltd. Secure Boot Signing (2021 v2): 4cf046892d6fd3c9a5b03f98d845f90851dc6a8c'
[    2.739799] Loaded X.509 cert 'Canonical Ltd. Secure Boot Signing (2021 v3): 100437bb6de6e469b581e61cd66bce3ef4ed53af'
[    2.756363] Loaded X.509 cert 'Canonical Ltd. Secure Boot Signing (Ubuntu Core 2019): c1d57b8f6b743f23ee41f4f7ee292f06eecadfb9'
[    2.773431] zswap: loaded using pool lzo/zbud
[    2.799481] Key type big_key registered
[    2.806287] Key type trusted registered
[    2.818565] Key type encrypted registered
[    2.826344] AppArmor: AppArmor sha1 policy hashing enabled
[    2.835630] ima: No TPM chip found, activating TPM-bypass! (rc=-19)
[    2.846532] ima: Allocated hash algorithm: sha1
[    2.856309] evm: HMAC attrs: 0x1
[    2.862805]   Magic number: 4:491:632
[    2.870135] rtc_cmos rtc_cmos: setting system clock to 2024-12-08 12:37:30 UTC (1733661450)
[    2.883066] BIOS EDD facility v0.16 2004-Jun-25, 0 devices found
[    2.893568] EDD information not available.
[    2.906298] Freeing unused kernel image memory: 2480K
[    2.937455] Write protecting the kernel read-only data: 20480k
[    2.948965] Freeing unused kernel image memory: 2008K
[    2.958566] Freeing unused kernel image memory: 1820K
[    2.975552] x86/mm: Checked W+X mappings: passed, no W+X pages found.
[    2.984633] x86/mm: Checking user space page tables
[    2.999761] x86/mm: Checked W+X mappings: passed, no W+X pages found.
Loading, please wait...
starting version 237
[    3.183682] Fusion MPT base driver 3.04.20
[    3.192227] Copyright (c) 1999-2008 LSI Corporation
[    3.214918] e1000: Intel(R) PRO/1000 Network Driver - version 7.3.21-k8-NAPI
[    3.228405] e1000: Copyright (c) 1999-2006 Intel Corporation.
[    3.259892] Fusion MPT SPI Host driver 3.04.20
[    3.273642] mptbase: ioc0: Initiating bringup
[    3.322118] SSE version of gcm_enc/dec engaged.
[    3.417168] ioc0: LSI53C1030 A0: Capabilities={Initiator}
[    3.525761] input: ImExPS/2 Generic Explorer Mouse as /devices/platform/i8042/serio1/input/input4
[    4.159866] scsi host2: ioc0: LSI53C1030 A0, FwRev=00000000h, Ports=1, MaxQ=256, IRQ=20
[    4.658839] scsi 2:0:0:0: Direct-Access     VBOX     HARDDISK         1.0  PQ: 0 ANSI: 5
[    4.709218] scsi target2:0:0: Beginning Domain Validation
[    4.728789] scsi target2:0:0: Domain Validation skipping write tests
[    4.736020] scsi target2:0:0: Ending Domain Validation
[    4.744437] scsi target2:0:0: asynchronous
[    4.753143] scsi 2:0:1:0: Direct-Access     VBOX     HARDDISK         1.0  PQ: 0 ANSI: 5
[    5.108361] scsi target2:0:1: Beginning Domain Validation
[    5.124491] scsi target2:0:1: Domain Validation skipping write tests
[    5.131505] scsi target2:0:1: Ending Domain Validation
[    5.138604] scsi target2:0:1: asynchronous
[    5.162238] sd 2:0:0:0: Attached scsi generic sg0 type 0
[    5.170607] sd 2:0:0:0: [sda] 83886080 512-byte logical blocks: (42.9 GB/40.0 GiB)
[    5.180490] sd 2:0:1:0: Attached scsi generic sg1 type 0
[    5.189671] sd 2:0:0:0: [sda] Write Protect is off
[    5.197179] sd 2:0:0:0: [sda] Incomplete mode parameter data
[    5.205602] sd 2:0:0:0: [sda] Assuming drive cache: write through
[    5.218418]  sda: sda1
[    5.227252] sd 2:0:0:0: [sda] Attached SCSI disk
[    5.236536] sd 2:0:1:0: [sdb] 20480 512-byte logical blocks: (10.5 MB/10.0 MiB)
[    5.248906] sd 2:0:1:0: [sdb] Write Protect is off
[    5.257796] sd 2:0:1:0: [sdb] Incomplete mode parameter data
[    5.264898] sd 2:0:1:0: [sdb] Assuming drive cache: write through
[    5.283617] sd 2:0:1:0: [sdb] Attached SCSI disk
[    5.547032] e1000 0000:00:03.0 eth0: (PCI:33MHz:32-bit) 02:3b:7b:b7:3b:2d
[    5.557294] e1000 0000:00:03.0 eth0: Intel(R) PRO/1000 Network Connection
[    6.409012] e1000 0000:00:08.0 eth1: (PCI:33MHz:32-bit) 08:00:27:28:99:0d
[    6.418955] e1000 0000:00:08.0 eth1: Intel(R) PRO/1000 Network Connection
[    6.433265] e1000 0000:00:03.0 enp0s3: renamed from eth0
[    6.456940] e1000 0000:00:08.0 enp0s8: renamed from eth1
Begin: Loading essential drivers ... [   11.000502] raid6: sse2x1   gen()  7070 MB/s
[   11.052201] raid6: sse2x1   xor()  4717 MB/s
[   11.108907] raid6: sse2x2   gen()  8006 MB/s
[   11.164687] raid6: sse2x2   xor()  5523 MB/s
[   11.220370] raid6: sse2x4   gen()  9793 MB/s
[   11.276292] raid6: sse2x4   xor()  5507 MB/s
[   11.283260] raid6: using algorithm sse2x4 gen() 9793 MB/s
[   11.294652] raid6: .... xor() 5507 MB/s, rmw enabled
[   11.302773] raid6: using ssse3x2 recovery algorithm
[   11.318146] xor: measuring software checksum speed
[   11.368686]    prefetch64-sse: 13499.000 MB/sec
[   11.417208]    generic_sse: 12261.000 MB/sec
[   11.426214] xor: using function: prefetch64-sse (13499.000 MB/sec)
[   11.446421] async_tx: api initialized (async)
done.
Begin: Running /scripts/init-premount ... done.
Begin: Mounting root file system ... Begin: Running /scripts/local-top ... done.
Begin: Running /scripts/local-premount ... [   11.591061] Btrfs loaded, crc32c=crc32c-intel
Scanning for Btrfs filesystems
done.
Warning: fsck not present, so skipping root file system
[   11.718466] EXT4-fs (sda1): mounted filesystem with ordered data mode. Opts: (null)
done.
Begin: Running /scripts/local-bottom ... done.
Begin: Running /scripts/init-bottom ... done.
[   12.259529] ip_tables: (C) 2000-2006 Netfilter Core Team
[   12.305002] systemd[1]: systemd 237 running in system mode. (+PAM +AUDIT +SELINUX +IMA +APPARMOR +SMACK +SYSVINIT +UTMP +LIBCRYPTSETUP +GCRYPT +GNUTLS +ACL +XZ +LZ4 +SECCOMP +BLKID +ELFUTILS +KMOD -IDN2 +IDN -PCRE2 default-hierarchy=hybrid)
[   12.347643] systemd[1]: Detected virtualization oracle.
[   12.358295] systemd[1]: Detected architecture x86-64.

Welcome to [1mUbuntu 18.04.6 LTS[0m!

[   12.437155] systemd[1]: Set hostname to <ubuntu-bionic>.
[   13.295587] systemd[1]: Reached target Mounting snaps.
[[0;32m  OK  [0m] Reached target Mounting snaps.
[   13.315456] systemd[1]: Reached target System Time Synchronized.
[[0;32m  OK  [0m] Reached target System Time Synchronized.
[   13.342299] systemd[1]: Reached target Mounted snaps.
[[0;32m  OK  [0m] Reached target Mounted snaps.
[   13.363036] systemd[1]: Started Forward Password Requests to Wall Directory Watch.
[[0;32m  OK  [0m] Started Forward Password Requests to Wall Directory Watch.
[   13.414031] systemd[1]: Created slice System Slice.
[[0;32m  OK  [0m] Created slice System Slice.
[   13.434251] systemd[1]: Listening on udev Kernel Socket.
[[0;32m  OK  [0m] Listening on udev Kernel Socket.
[[0;32m  OK  [0m] Listening on LVM2 poll daemon socket.
[[0;32m  OK  [0m] Listening on Device-mapper event daemon FIFOs.
[[0;32m  OK  [0m] Listening on fsck to fsckd communication Socket.
[[0;32m  OK  [0m] Listening on Journal Socket (/dev/log).
[[0;32m  OK  [0m] Created slice system-serial\x2dgetty.slice.
[[0;32m  OK  [0m] Listening on Journal Audit Socket.
[[0;32m  OK  [0m] Listening on Network Service Netlink Socket.
[[0;32m  OK  [0m] Listening on udev Control Socket.
[[0;32m  OK  [0m] Listening on Journal Socket.
         Starting Uncomplicated firewall...
         Starting File System Check on Root Device...
         Starting Create list of required st…ce nodes for the current kernel...
[[0;32m  OK  [0m] Listening on LVM2 metadata daemon socket.
[[0;32m  OK  [0m] Listening on Syslog Socket.
         Starting udev Coldplug all Devices...
         Starting Set the console keyboard layout...
         Starting Monitoring of LVM2 mirrors…ng dmeventd or progress polling...
[[0;32m  OK  [0m] Set up automount Arbitrary Executab…rmats File System Automount Point.
[[0;32m  OK  [0m] Reached target User and Group Name Lookups.
[[0;32m  OK  [0m] Listening on /dev/initctl Compatibility Named Pipe.
         Mounting Huge Pages File System...
         Starting Load Kernel Modules...
         Mounting POSIX Message Queue File System...
         Starting Journal Service...
[[0;32m  OK  [0m] Created slice User and Session Slice.
[[0;32m  OK  [0m] Reached target Swap.
         Mounting Kernel Debug File System...
[[0;32m  OK  [0m] Reached target Slices.
[[0;32m  OK  [0m] Started Uncomplicated firewall.
[[0;32m  OK  [0m] Started File System Check on Root Device.
[[0;32m  OK  [0m] Started Create list of required sta…vice nodes for the current kernel.
[[0;32m  OK  [0m] Mounted Huge Pages File System.
[[0;32m  OK  [0m] Mounted POSIX Message Queue File System.
[[0;32m  OK  [0m] Mounted Kernel Debug File System.
[[0;32m  OK  [0m] Started File System Check Daemon to report status.
[[0;32m  OK  [0m] Started LVM2 metadata daemon.
[   14.045011] Loading iSCSI transport class v2.0-870.
         Starting Create Static Device Nodes in /dev...
         Starting Remount Root and Kernel File Systems...
[   14.137491] iscsi: registered transport (tcp)
[[0;32m  OK  [0m] Started udev Coldplug all Devices.
[[0;32m  OK  [0m] Started Journal Service.
[[0;32m  OK  [0m] Started Create Static Device Nodes in /dev.
[   14.270781] EXT4-fs (sda1): re-mounted. Opts: (null)
[[0;32m  OK  [0m] Started Remount Root and Kernel File Systems.
         Starting Flush Journal to Persistent Storage...
         Starting Load/Save Random Seed...
         Starting udev Kernel Device Manager...
[[0;32m  OK  [0m] Started Monitoring of LVM2 mirrors,…sing dmeventd or progress polling.
[[0;32m  OK  [0m] Started Load/Save Random Seed.
[   14.414296] systemd-journald[418]: Received request to flush runtime journal from PID 1
[[0;32m  OK  [0m] Started Set the console keyboard layout.
[[0;32m  OK  [0m] Reached target Local File Systems (Pre).
[[0;32m  OK  [0m] Reached target Local File Systems.
         Starting AppArmor initialization...
         Starting Tell Plymouth To Write Out Runtime Data...
         Starting ebtables ruleset management...
         Starting Set console font and keymap...
[[0;32m  OK  [0m] Started udev Kernel Device Manager.
[[0;32m  OK  [0m] Started Dispatch Password Requests to Console Directory Watch.
[[0;32m  OK  [0m] Reached target Local Encrypted Volumes.
[[0;32m  OK  [0m] Started Tell Plymouth To Write Out Runtime Data.
[[0;32m  OK  [0m] Started Set console font and keymap.
[   14.802465] iscsi: registered transport (iser)
[[0;32m  OK  [0m] Started Load Kernel Modules.
         Mounting Kernel Configuration File System...
         Mounting FUSE Control File System...
         Starting Apply Kernel Variables...
[[0;32m  OK  [0m] Mounted FUSE Control File System.
[[0;32m  OK  [0m] Mounted Kernel Configuration File System.
[[0;32m  OK  [0m] Started Flush Journal to Persistent Storage.
         Starting Create Volatile Files and Directories...
[[0;32m  OK  [0m] Started ebtables ruleset management.
[[0;32m  OK  [0m] Started Create Volatile Files and Directories.
[[0;32m  OK  [0m] Started Apply Kernel Variables.
         Starting Update UTMP about System Boot/Shutdown...
[[0;32m  OK  [0m] Started Update UTMP about System Boot/Shutdown.
[[0;32m  OK  [0m] Started AppArmor initialization.
         Starting Initial cloud-init job (pre-networking)...
         Starting Load AppArmor profiles managed internally by snapd...
[[0;32m  OK  [0m] Found device /dev/ttyS0.
         Mounting Arbitrary Executable File Formats File System...
[[0;32m  OK  [0m] Mounted Arbitrary Executable File Formats File System.
[[0;32m  OK  [0m] Started Load AppArmor profiles managed internally by snapd.
[[0;32m  OK  [0m] Listening on Load/Save RF Kill Switch Status /dev/rfkill Watch.
[   19.633242] cloud-init[531]: Cloud-init v. 23.1.2-0ubuntu0~18.04.1 running 'init-local' at Sun, 08 Dec 2024 12:37:46 +0000. Up 19.28 seconds.
[[0;32m  OK  [0m] Started Initial cloud-init job (pre-networking).
[[0;32m  OK  [0m] Reached target Network (Pre).
         Starting Network Service...
[[0;32m  OK  [0m] Started Network Service.
         Starting Network Name Resolution...
         Starting Wait for Network to be Configured...
[[0;32m  OK  [0m] Started Network Name Resolution.
[[0;32m  OK  [0m] Reached target Host and Network Name Lookups.
[[0;32m  OK  [0m] Reached target Network.
[[0;32m  OK  [0m] Started Wait for Network to be Configured.
         Starting Initial cloud-init job (metadata service crawler)...
[   22.120491] cloud-init[671]: Cloud-init v. 23.1.2-0ubuntu0~18.04.1 running 'init' at Sun, 08 Dec 2024 12:37:49 +0000. Up 21.93 seconds.
[   22.127461] cloud-init[671]: ci-info: ++++++++++++++++++++++++++++++++++++++Net device info+++++++++++++++++++++++++++++++++++++++
[   22.133203] cloud-init[671]: ci-info: +--------+-------+----------------------------+---------------+--------+-------------------+
[   22.138245] cloud-init[671]: ci-info: | Device |   Up  |          Address           |      Mask     | Scope  |     Hw-Address    |
[   22.153546] cloud-init[671]: ci-info: +--------+-------+----------------------------+---------------+--------+-------------------+
[   22.160819] cloud-init[671]: ci-info: | enp0s3 |  True |         10.0.2.15          | 255.255.255.0 | global | 02:3b:7b:b7:3b:2d |
[   22.167283] cloud-init[671]: ci-info: | enp0s3 |  True | fd00::3b:7bff:feb7:3b2d/64 |       .       | global | 02:3b:7b:b7:3b:2d |
[   22.172907] cloud-init[671]: ci-info: | enp0s3 |  True | fe80::3b:7bff:feb7:3b2d/64 |       .       |  link  | 02:3b:7b:b7:3b:2d |
[   22.178900] cloud-init[671]: ci-info: | enp0s8 | False |             .              |       .       |   .    | 08:00:27:28:99:0d |
[   22.184050] cloud-init[671]: ci-info: |   lo   |  True |         127.0.0.1          |   255.0.0.0   |  host  |         .         |
[   22.189183] cloud-init[671]: ci-info: |   lo   |  True |          ::1/128           |       .       |  host  |         .         |
[   22.195286] cloud-init[671]: ci-info: +--------+-------+----------------------------+---------------+--------+-------------------+
[   22.201485] cloud-init[671]: ci-info: ++++++++++++++++++++++++++++Route IPv4 info+++++++++++++++++++++++++++++
[   22.207617] cloud-init[671]: ci-info: +-------+-------------+----------+-----------------+-----------+-------+
[   22.213356] cloud-init[671]: ci-info: | Route | Destination | Gateway  |     Genmask     | Interface | Flags |
[   22.229203] cloud-init[671]: ci-info: +-------+-------------+----------+-----------------+-----------+-------+
[   22.234206] cloud-init[671]: ci-info: |   0   |   0.0.0.0   | 10.0.2.2 |     0.0.0.0     |   enp0s3  |   UG  |
[   22.238625] cloud-init[671]: ci-info: |   1   |   10.0.2.0  | 0.0.0.0  |  255.255.255.0  |   enp0s3  |   U   |
[   22.243530] cloud-init[671]: ci-info: |   2   |   10.0.2.2  | 0.0.0.0  | 255.255.255.255 |   enp0s3  |   UH  |
[   22.248808] cloud-init[671]: ci-info: +-------+-------------+----------+-----------------+-----------+-------+
[   22.253566] cloud-init[671]: ci-info: +++++++++++++++++++Route IPv6 info+++++++++++++++++++
[   22.257171] cloud-init[671]: ci-info: +-------+-------------+---------+-----------+-------+
[   22.262170] cloud-init[671]: ci-info: | Route | Destination | Gateway | Interface | Flags |
[   22.266279] cloud-init[671]: ci-info: +-------+-------------+---------+-----------+-------+
[   22.270153] cloud-init[671]: ci-info: |   1   |  fd00::/64  |    ::   |   enp0s3  |   U   |
[   22.274026] cloud-init[671]: ci-info: |   2   |  fe80::/64  |    ::   |   enp0s3  |   U   |
[   22.278936] cloud-init[671]: ci-info: |   3   |     ::/0    | fe80::2 |   enp0s3  |   UG  |
[   22.283069] cloud-init[671]: ci-info: |   5   |    local    |    ::   |   enp0s3  |   U   |
[   22.287052] cloud-init[671]: ci-info: |   6   |   ff00::/8  |    ::   |   enp0s3  |   U   |
[   22.290906] cloud-init[671]: ci-info: +-------+-------------+---------+-----------+-------+
[[0;32m  OK  [0m] Started Initial cloud-init job (metadata service crawler).
[[0;32m  OK  [0m] Reached target Network is Online.
[[0;32m  OK  [0m] Reached target Remote File Systems (Pre).
         Starting Availability of block devices...
         Mounting /vagrant...
[[0;32m  OK  [0m] Reached target Cloud-config availability.
[[0;32m  OK  [0m] Reached target System Initialization.
[[0;32m  OK  [0m] Started Daily Cleanup of Temporary Directories.
[[0;32m  OK  [0m] Listening on Open-iSCSI iscsid Socket.
         Starting Docker Socket for the API.
[[0;32m  OK  [0m] Started Discard unused blocks once a week.
[[0;32m  OK  [0m] Listening on D-Bus System Message Bus Socket.
[[0;32m  OK  [0m] Listening on UUID daemon activation socket.
[[0;32m  OK  [0m] Listening on cloud-init hotplug hook socket.
[[0;32m  OK  [0m] Started Message of the Day.
[[0;32m  OK  [0m] Started Ubuntu Advantage Timer for running repeated jobs.
         Starting LXD - unix socket.
[[0;32m  OK  [0m] Started ACPI Events Check.
[[0;32m  OK  [0m] Reached target Paths.
[[0;32m  OK  [0m] Started Daily apt download activities.
[[0;32m  OK  [0m] Started Daily apt upgrade and clean activities.
[[0;32m  OK  [0m] Reached target Timers.
[[0;32m  OK  [0m] Listening on ACPID Listen Socket.
         Starting Socket activation for snappy daemon.
[[0;32m  OK  [0m] Started Availability of block devices.
[[0;32m  OK  [0m] Listening on Docker Socket for the API.
[[0;32m  OK  [0m] Listening on LXD - unix socket.
[[0;32m  OK  [0m] Listening on Socket activation for snappy daemon.
[[0;32m  OK  [0m] Reached target Sockets.
[[0;32m  OK  [0m] Reached target Basic System.
         Starting Login Service...
[[0;32m  OK  [0m] Started FUSE filesystem for LXC.
         Starting LSB: Record successful boot for GRUB...
         Starting Message of the Day...
[[0;32m  OK  [0m] Started D-Bus System Message Bus.
[[0;32m  OK  [0m] Started Regular background program processing daemon.
         Starting LXD - container startup/shutdown...
[[0;32m  OK  [0m] Started irqbalance daemon.
         Starting Virtualbox guest utils...
[[0;32m  OK  [0m] Started Deferred execution scheduler.
[[0;32m  OK  [0m] Reached target Login Prompts (Pre).
         Starting System Logging Service...
         Starting OpenBSD Secure Shell server...
         Starting Dispatcher daemon for systemd-networkd...
         Starting Snap Daemon...
         Starting Accounts Service...
         Starting containerd container runtime...
[[0;32m  OK  [0m] Started System Logging Service.
[[0;32m  OK  [0m] Mounted /vagrant.
[[0;32m  OK  [0m] Started Login Service.
[[0;32m  OK  [0m] Started Unattended Upgrades Shutdown.
         Starting Hostname Service...
[[0;32m  OK  [0m] Reached target Remote File Systems.
         Starting LSB: automatic crash report generation...
         Starting Permit User Sessions...
[[0;32m  OK  [0m] Started OpenBSD Secure Shell server.
[[0;32m  OK  [0m] Started Permit User Sessions.
         Starting Hold until boot process finishes up...
         Starting Terminate Plymouth Boot Screen...
[[0;32m  OK  [0m] Started Hold until boot process finishes up.
[[0;32m  OK  [0m] Started LSB: Record successful boot for GRUB.
[[0;32m  OK  [0m] Started Terminate Plymouth Boot Screen.
         Starting Set console scheme...
[[0;32m  OK  [0m] Started Serial Getty on ttyS0.
         Starting Authorization Manager...
[[0;32m  OK  [0m] Started Set console scheme.
[[0;32m  OK  [0m] Created slice system-getty.slice.
[[0;32m  OK  [0m] Started Getty on tty1.
[[0;32m  OK  [0m] Reached target Login Prompts.
[[0;32m  OK  [0m] Started LSB: automatic crash report generation.
[[0;32m  OK  [0m] Started LXD - container startup/shutdown.
[[0;32m  OK  [0m] Started Hostname Service.
[[0;32m  OK  [0m] Started Virtualbox guest utils.
[[0;32m  OK  [0m] Started Authorization Manager.
[[0;32m  OK  [0m] Started Accounts Service.
[[0;32m  OK  [0m] Created slice User Slice of vagrant.
         Starting User Manager for UID 1000...
[[0;32m  OK  [0m] Started Session 1 of user vagrant.
[[0;32m  OK  [0m] Started Dispatcher daemon for systemd-networkd.
[[0;32m  OK  [0m] Started User Manager for UID 1000.
[[0;32m  OK  [0m] Started containerd container runtime.
         Starting Docker Application Container Engine...
[[0;32m  OK  [0m] Started Snap Daemon.
         Starting Wait until snapd is fully seeded...
         Starting Time & Date Service...
[[0;32m  OK  [0m] Started Time & Date Service.
[[0;32m  OK  [0m] Started Wait until snapd is fully seeded.
         Starting Apply the settings specified in cloud-config...
[   30.099270] cloud-init[1171]: Cloud-init v. 23.1.2-0ubuntu0~18.04.1 running 'modules:config' at Sun, 08 Dec 2024 12:37:57 +0000. Up 29.82 seconds.

Ubuntu 18.04.6 LTS ubuntu-bionic ttyS0

ubuntu-bionic login: [   34.266798] cloud-init[1647]: Cloud-init v. 23.1.2-0ubuntu0~18.04.1 running 'modules:final' at Sun, 08 Dec 2024 12:38:01 +0000. Up 33.99 seconds.
[   34.267013] cloud-init[1647]: Cloud-init v. 23.1.2-0ubuntu0~18.04.1 finished at Sun, 08 Dec 2024 12:38:01 +0000. Datasource DataSourceNoCloud [seed=/dev/sdb][dsmode=net].  Up 34.25 seconds
[[0;32m  OK  [0m] Started Daily apt upgrade and clean activities.
[[0;32m  OK  [0m] Closed Load/Save RF Kill Switch Status /dev/rfkill Watch.
         Stopping Session 3 of user vagrant.
         Stopping User Manager for UID 1000...
[[0;32m  OK  [0m] Stopped target Cloud-init target.
         Stopping Session 12 of user vagrant.
[[0;32m  OK  [0m] Stopped Execute cloud user/final scripts.
[[0;32m  OK  [0m] Stopped Apply the settings specified in cloud-config.
[[0;32m  OK  [0m] Stopped target Cloud-config availability.
         Stopping Authorization Manager...
         Stopping Availability of block devices...
[[0;32m  OK  [0m] Stopped target Graphical Interface.
[[0;32m  OK  [0m] Stopped target Multi-User System.
         Stopping D-Bus System Message Bus...
         Stopping Docker Application Container Engine...
[[0;32m  OK  [0m] Stopped target Login Prompts.
         Stopping Serial Getty on ttyS0...
         Stopping Getty on tty1...
         Stopping LSB: Record successful boot for GRUB...
         Stopping LXD - container startup/shutdown...
         Stopping Deferred execution scheduler...
         Stopping Regular background program processing daemon...
         Stopping Dispatcher daemon for systemd-networkd...
         Stopping OpenBSD Secure Shell server...
         Stopping FUSE filesystem for LXC...
[[0;32m  OK  [0m] Stopped Wait until snapd is fully seeded.
         Stopping Virtualbox guest utils...
         Stopping System Logging Service...
         Stopping irqbalance daemon...
         Stopping Accounts Service...
         Stopping LSB: automatic crash report generation...
[[0;32m  OK  [0m] Stopped target Host and Network Name Lookups.
[[0;32m  OK  [0m] Stopped target Timers.
[[0;32m  OK  [0m] Stopped Ubuntu Advantage Timer for running repeated jobs.
[[0;32m  OK  [0m] Stopped Message of the Day.
[[0;32m  OK  [0m] Stopped Daily Cleanup of Temporary Directories.
[[0;32m  OK  [0m] Stopped Discard unused blocks once a week.
[[0;32m  OK  [0m] Stopped Daily apt upgrade and clean activities.
[[0;32m  OK  [0m] Stopped Daily apt download activities.
[[0;32m  OK  [0m] Stopped target System Time Synchronized.
[[0;32m  OK  [0m] Stopped Regular background program processing daemon.
[[0;32m  OK  [0m] Stopped Authorization Manager.
[[0;32m  OK  [0m] Stopped Dispatcher daemon for systemd-networkd.
[[0;32m  OK  [0m] Stopped OpenBSD Secure Shell server.
[[0;32m  OK  [0m] Stopped Getty on tty1.
[[0;32m  OK  [0m] Stopped irqbalance daemon.
[[0;32m  OK  [0m] Stopped Serial Getty on ttyS0.
[[0;32m  OK  [0m] Stopped User Manager for UID 1000.
[[0;32m  OK  [0m] Stopped Session 12 of user vagrant.
[[0;32m  OK  [0m] Unmounted /var/lib/lxcfs.
[[0;32m  OK  [0m] Stopped Deferred execution scheduler.
[[0;32m  OK  [0m] Stopped System Logging Service.
[[0;32m  OK  [0m] Stopped Accounts Service.
[[0;32m  OK  [0m] Stopped D-Bus System Message Bus.
[[0;32m  OK  [0m] Stopped FUSE filesystem for LXC.
[[0;32m  OK  [0m] Stopped Session 3 of user vagrant.
[[0;32m  OK  [0m] Stopped LXD - container startup/shutdown.
[[0;32m  OK  [0m] Removed slice User Slice of vagrant.
         Stopping Login Service...
[[0;32m  OK  [0m] Removed slice system-serial\x2dgetty.slice.
[[0;32m  OK  [0m] Removed slice system-getty.slice.
[[0;32m  OK  [0m] Stopped target Login Prompts (Pre).
         Stopping Permit User Sessions...
[[0;32m  OK  [0m] Stopped Availability of block devices.
[[0;32m  OK  [0m] Stopped LSB: Record successful boot for GRUB.
[[0;32m  OK  [0m] Stopped Permit User Sessions.
[[0;32m  OK  [0m] Stopped LSB: automatic crash report generation.
[[0;32m  OK  [0m] Stopped target Remote File Systems.
         Unmounting /vagrant...
[[0;32m  OK  [0m] Stopped Login Service.
[[0;32m  OK  [0m] Stopped target User and Group Name Lookups.
[[0;32m  OK  [0m] Unmounted /vagrant.
[[0;32m  OK  [0m] Stopped target Remote File Systems (Pre).
[[0;32m  OK  [0m] Stopped Virtualbox guest utils.
[[0;32m  OK  [0m] Unmounted /run/docker/netns/efeb41e5b895.
[[0;32m  OK  [0m] Unmounted /var/lib/docker/overlay2/…591f499bbe68933f47debbf604/merged.
[[0;32m  OK  [0m] Unmounted /run/docker/netns/2b3e2969f550.
[[0;32m  OK  [0m] Unmounted /var/lib/docker/overlay2/…ce2ac1539cc31400d953918653/merged.
[[0;32m  OK  [0m] Unmounted /run/docker/netns/d6588612e3e3.
[[0;32m  OK  [0m] Unmounted /var/lib/docker/overlay2/…907db42967e7500f6b12987a15/merged.
[[0;32m  OK  [0m] Unmounted /run/docker/netns/bbefe30ba00b.
[[0;32m  OK  [0m] Unmounted /var/lib/docker/overlay2/…69cac599d6d9228c7afb5b4174/merged.
[[0;32m  OK  [0m] Stopped Docker Application Container Engine.
[[0;32m  OK  [0m] Stopped target Network is Online.
         Stopping containerd container runtime...
[[0;32m  OK  [0m] Stopped containerd container runtime.
[[0;32m  OK  [0m] Stopped target Network.
         Stopping Network Name Resolution...
[[0;32m  OK  [0m] Stopped target Basic System.
[[0;32m  OK  [0m] Stopped target Paths.
[[0;32m  OK  [0m] Stopped ACPI Events Check.
[[0;32m  OK  [0m] Stopped target Slices.
[[0;32m  OK  [0m] Removed slice User and Session Slice.
[[0;32m  OK  [0m] Stopped target Sockets.
[[0;32m  OK  [0m] Closed ACPID Listen Socket.
[[0;32m  OK  [0m] Closed Open-iSCSI iscsid Socket.
[[0;32m  OK  [0m] Closed UUID daemon activation socket.
[[0;32m  OK  [0m] Closed LXD - unix socket.
[[0;32m  OK  [0m] Closed Syslog Socket.
[[0;32m  OK  [0m] Closed Docker Socket for the API.
[[0;32m  OK  [0m] Closed cloud-init hotplug hook socket.
[[0;32m  OK  [0m] Closed D-Bus System Message Bus Socket.
[[0;32m  OK  [0m] Closed Socket activation for snappy daemon.
[[0;32m  OK  [0m] Stopped target System Initialization.
         Stopping Load/Save Random Seed...
[[0;32m  OK  [0m] Stopped Initial cloud-init job (metadata service crawler).
[[0;32m  OK  [0m] Stopped target Local Encrypted Volumes.
[[0;32m  OK  [0m] Stopped Forward Password Requests to Wall Directory Watch.
[[0;32m  OK  [0m] Stopped Dispatch Password Requests to Console Directory Watch.
         Stopping Update UTMP about System Boot/Shutdown...
[[0;32m  OK  [0m] Stopped Network Name Resolution.
[[0;32m  OK  [0m] Stopped Load/Save Random Seed.
         Stopping Network Service...
[[0;32m  OK  [0m] Stopped Update UTMP about System Boot/Shutdown.
[[0;32m  OK  [0m] Stopped Create Volatile Files and Directories.
[[0;32m  OK  [0m] Stopped target Local File Systems.
[[0;32m  OK  [0m] Stopped target Mounted snaps.
[[0;32m  OK  [0m] Stopped target Mounting snaps.
         Unmounting /run/user/1000...
[[0;32m  OK  [0m] Unmounted /run/user/1000.
[[0;32m  OK  [0m] Stopped Network Service.
[[0;32m  OK  [0m] Stopped Apply Kernel Variables.
[[0;32m  OK  [0m] Stopped Load Kernel Modules.
[[0;32m  OK  [0m] Stopped target Network (Pre).
[[0;32m  OK  [0m] Stopped Initial cloud-init job (pre-networking).
[[0;32m  OK  [0m] Reached target Unmount All Filesystems.
[[0;32m  OK  [0m] Stopped target Local File Systems (Pre).
         Stopping Monitoring of LVM2 mirrors…ng dmeventd or progress polling...
[[0;32m  OK  [0m] Stopped Create Static Device Nodes in /dev.
[[0;32m  OK  [0m] Stopped Remount Root and Kernel File Systems.
[[0;32m  OK  [0m] Stopped target Swap.
[[0;32m  OK  [0m] Reached target Shutdown.
[[0;32m  OK  [0m] Reached target Final Step.
         Starting Power-Off...
[22424.294840] reboot: Power down
